[ 2016-08-24T10:05:19+08:00 ] ::1 /wgyttp/index.php/Admin/Index/js/fullcalendar.min.js
ERR: 非法操作:js

[ 2016-08-24T10:05:19+08:00 ] ::1 /wgyttp/index.php/Admin/Index/js/jquery.dataTables.min.js
ERR: 非法操作:js

[ 2016-08-24T10:05:19+08:00 ] ::1 /wgyttp/index.php/Admin/Index/js/fullcalendar.min.js
ERR: 非法操作:js

[ 2016-08-24T10:05:20+08:00 ] ::1 /wgyttp/index.php/Admin/Index/js/jquery.dataTables.min.js
ERR: 非法操作:js

[ 2016-08-24T10:05:23+08:00 ] ::1 /wgyttp/index.php/Admin/Index/js/jquery.dataTables.min.js
ERR: 非法操作:js

[ 2016-08-24T10:05:23+08:00 ] ::1 /wgyttp/index.php/Admin/Index/js/fullcalendar.min.js
ERR: 非法操作:js

[ 2016-08-24T10:05:23+08:00 ] ::1 /wgyttp/index.php/Admin/Index/js/jquery.dataTables.min.js
ERR: 非法操作:js

[ 2016-08-24T10:08:55+08:00 ] ::1 /wgyttp/index.php/Admin/Community/index.html
ERR: 参数错误或者未定义:id

[ 2016-08-24T10:08:59+08:00 ] ::1 /wgyttp/index.php/Admin/Community/index.html
ERR: 参数错误或者未定义:id

[ 2016-08-24T10:29:00+08:00 ] ::1 /wgyttp/index.php/Admin/Community/add/propertyid/
ERR: 参数错误或者未定义:propertyid

[ 2016-08-24T10:30:33+08:00 ] ::1 /wgyttp/index.php/Admin/Community/add/id/
ERR: 参数错误或者未定义:propertyid

[ 2016-08-24T10:32:25+08:00 ] ::1 /wgyttp/index.php/Admin/Community/add/id/
ERR: 参数错误或者未定义:propertyid

[ 2016-08-24T10:33:01+08:00 ] ::1 /wgyttp/index.php/Admin/Community/add/id/
ERR: 参数错误或者未定义:propertyid

[ 2016-08-24T10:33:06+08:00 ] ::1 /wgyttp/index.php/Admin/Community/add/id/
ERR: 参数错误或者未定义:propertyid

[ 2016-08-24T10:33:09+08:00 ] ::1 /wgyttp/index.php/Admin/Community/add/id/
ERR: 参数错误或者未定义:propertyid

[ 2016-08-24T10:33:33+08:00 ] ::1 /wgyttp/index.php/Admin/Community/add/propertyid/
ERR: 参数错误或者未定义:propertyid

[ 2016-08-24T10:33:50+08:00 ] ::1 /wgyttp/index.php/Admin/Community/add/id/
ERR: 参数错误或者未定义:propertyid

[ 2016-08-24T10:34:13+08:00 ] ::1 /wgyttp/index.php/Admin/Community/add/id/
ERR: 参数错误或者未定义:id

[ 2016-08-24T10:42:33+08:00 ] ::1 /wgyttp/index.php/Admin/Community/add
ERR: 参数错误或者未定义:propertyid

[ 2016-08-24T10:47:43+08:00 ] ::1 /wgyttp/index.php/Admin/Community/index.html
ERR: 参数错误或者未定义:id

[ 2016-08-24T10:48:00+08:00 ] ::1 /wgyttp/index.php/Admin/Community/index.html
ERR: 参数错误或者未定义:id

[ 2016-08-24T10:48:03+08:00 ] ::1 /wgyttp/index.php/Admin/Community/index.html
ERR: 参数错误或者未定义:id

[ 2016-08-24T10:51:46+08:00 ] ::1 /wgyttp/index.php/Admin/Community/Community/index
ERR: 非法操作:Community

[ 2016-08-24T10:53:54+08:00 ] ::1 /wgyttp/index.php/Admin/Community/Community/index
ERR: 非法操作:Community

[ 2016-08-24T10:53:58+08:00 ] ::1 /wgyttp/index.php/Admin/Community/Community/index
ERR: 非法操作:Community

[ 2016-08-24T10:57:41+08:00 ] ::1 /wgyttp/index.php/Admin/Community/index/propertyid/222.html
ERR: 参数错误或者未定义:id

[ 2016-08-24T11:34:12+08:00 ] ::1 /wgyttp/index.php/Admin/Community/update.html
ERR: 参数错误或者未定义:propertyid

[ 2016-08-24T11:53:20+08:00 ] ::1 /wgyttp/index.php/Admin/Index/js/fullcalendar.min.js
ERR: 非法操作:js

[ 2016-08-24T11:53:20+08:00 ] ::1 /wgyttp/index.php/Admin/Index/js/jquery.dataTables.min.js
ERR: 非法操作:js

[ 2016-08-24T11:54:43+08:00 ] ::1 /wgyttp/index.php/Admin/Index/js/fullcalendar.min.js
ERR: 非法操作:js

[ 2016-08-24T11:54:43+08:00 ] ::1 /wgyttp/index.php/Admin/Index/js/jquery.dataTables.min.js
ERR: 非法操作:js

[ 2016-08-24T11:54:43+08:00 ] ::1 /wgyttp/index.php/Admin/Index/js/fullcalendar.min.js
ERR: 非法操作:js

[ 2016-08-24T11:54:43+08:00 ] ::1 /wgyttp/index.php/Admin/Index/js/jquery.dataTables.min.js
ERR: 非法操作:js

[ 2016-08-24T11:56:10+08:00 ] ::1 /wgyttp/index.php/Admin/Index/js/fullcalendar.min.js
ERR: 非法操作:js

[ 2016-08-24T11:56:10+08:00 ] ::1 /wgyttp/index.php/Admin/Index/js/jquery.dataTables.min.js
ERR: 非法操作:js

[ 2016-08-24T11:56:54+08:00 ] ::1 /wgyttp/index.php/Admin/Index/js/jquery.dataTables.min.js
ERR: 非法操作:js

[ 2016-08-24T11:56:55+08:00 ] ::1 /wgyttp/index.php/Admin/Index/js/fullcalendar.min.js
ERR: 非法操作:js

[ 2016-08-24T11:56:55+08:00 ] ::1 /wgyttp/index.php/Admin/Index/js/jquery.dataTables.min.js
ERR: 非法操作:js

[ 2016-08-24T13:44:34+08:00 ] ::1 /wgyttp/index.php/Admin/Index/js/fullcalendar.min.js
ERR: 非法操作:js

[ 2016-08-24T13:44:34+08:00 ] ::1 /wgyttp/index.php/Admin/Index/js/jquery.dataTables.min.js
ERR: 非法操作:js

[ 2016-08-24T13:44:34+08:00 ] ::1 /wgyttp/index.php/Admin/Index/js/fullcalendar.min.js
ERR: 非法操作:js

[ 2016-08-24T13:44:34+08:00 ] ::1 /wgyttp/index.php/Admin/Index/js/jquery.dataTables.min.js
ERR: 非法操作:js

[ 2016-08-24T13:44:37+08:00 ] ::1 /wgyttp/index.php/Admin/Index/js/fullcalendar.min.js
ERR: 非法操作:js

[ 2016-08-24T13:44:37+08:00 ] ::1 /wgyttp/index.php/Admin/Index/js/jquery.dataTables.min.js
ERR: 非法操作:js

[ 2016-08-24T13:44:37+08:00 ] ::1 /wgyttp/index.php/Admin/Index/js/fullcalendar.min.js
ERR: 非法操作:js

[ 2016-08-24T13:44:38+08:00 ] ::1 /wgyttp/index.php/Admin/Index/js/jquery.dataTables.min.js
ERR: 非法操作:js

[ 2016-08-24T13:47:13+08:00 ] ::1 /wgyttp/index.php/Admin/Index/js/jquery.dataTables.min.js
ERR: 非法操作:js

[ 2016-08-24T13:47:13+08:00 ] ::1 /wgyttp/index.php/Admin/Index/js/fullcalendar.min.js
ERR: 非法操作:js

[ 2016-08-24T13:47:13+08:00 ] ::1 /wgyttp/index.php/Admin/Index/js/fullcalendar.min.js
ERR: 非法操作:js

[ 2016-08-24T13:47:14+08:00 ] ::1 /wgyttp/index.php/Admin/Index/js/jquery.dataTables.min.js
ERR: 非法操作:js

[ 2016-08-24T13:47:20+08:00 ] ::1 /wgyttp/index.php/Admin/Index/js/jquery.dataTables.min.js
ERR: 非法操作:js

[ 2016-08-24T13:47:20+08:00 ] ::1 /wgyttp/index.php/Admin/Index/js/fullcalendar.min.js
ERR: 非法操作:js

[ 2016-08-24T13:47:20+08:00 ] ::1 /wgyttp/index.php/Admin/Index/js/jquery.dataTables.min.js
ERR: 非法操作:js

[ 2016-08-24T13:47:57+08:00 ] ::1 /wgyttp/index.php/Admin/Index/js/jquery.dataTables.min.js
ERR: 非法操作:js

[ 2016-08-24T13:47:57+08:00 ] ::1 /wgyttp/index.php/Admin/Index/js/fullcalendar.min.js
ERR: 非法操作:js

[ 2016-08-24T13:47:57+08:00 ] ::1 /wgyttp/index.php/Admin/Index/js/jquery.dataTables.min.js
ERR: 非法操作:js

[ 2016-08-24T14:00:36+08:00 ] ::1 /wgyttp/index.php/Admin/Estate/liyao.html
ERR: 参数错误或者未定义:url

