[ 2016-08-23T09:54:29+08:00 ] ::1 /wgyttp/index.php/Admin/Index/js/fullcalendar.min.js
ERR: 非法操作:js

[ 2016-08-23T09:54:29+08:00 ] ::1 /wgyttp/index.php/Admin/Index/js/jquery.dataTables.min.js
ERR: 非法操作:js

[ 2016-08-23T09:54:29+08:00 ] ::1 /wgyttp/index.php/Admin/Index/js/fullcalendar.min.js
ERR: 非法操作:js

[ 2016-08-23T09:54:29+08:00 ] ::1 /wgyttp/index.php/Admin/Index/js/jquery.dataTables.min.js
ERR: 非法操作:js

[ 2016-08-23T09:54:47+08:00 ] ::1 /wgyttp/index.php/Admin/Index/js/fullcalendar.min.js
ERR: 非法操作:js

[ 2016-08-23T09:54:47+08:00 ] ::1 /wgyttp/index.php/Admin/Index/js/jquery.dataTables.min.js
ERR: 非法操作:js

[ 2016-08-23T09:54:47+08:00 ] ::1 /wgyttp/index.php/Admin/Index/js/fullcalendar.min.js
ERR: 非法操作:js

[ 2016-08-23T09:54:48+08:00 ] ::1 /wgyttp/index.php/Admin/Index/js/jquery.dataTables.min.js
ERR: 非法操作:js

[ 2016-08-23T10:38:08+08:00 ] ::1 /wgyttp/index.php/Admin/Index/js/fullcalendar.min.js
ERR: 非法操作:js

[ 2016-08-23T10:38:08+08:00 ] ::1 /wgyttp/index.php/Admin/Index/js/jquery.dataTables.min.js
ERR: 非法操作:js

[ 2016-08-23T10:38:08+08:00 ] ::1 /wgyttp/index.php/Admin/Index/js/fullcalendar.min.js
ERR: 非法操作:js

[ 2016-08-23T10:38:09+08:00 ] ::1 /wgyttp/index.php/Admin/Index/js/jquery.dataTables.min.js
ERR: 非法操作:js

[ 2016-08-23T10:38:20+08:00 ] ::1 /wgyttp/index.php/Admin/Index/js/jquery.dataTables.min.js
ERR: 非法操作:js

[ 2016-08-23T10:38:20+08:00 ] ::1 /wgyttp/index.php/Admin/Index/js/fullcalendar.min.js
ERR: 非法操作:js

[ 2016-08-23T10:38:21+08:00 ] ::1 /wgyttp/index.php/Admin/Index/js/fullcalendar.min.js
ERR: 非法操作:js

[ 2016-08-23T10:38:21+08:00 ] ::1 /wgyttp/index.php/Admin/Index/js/jquery.dataTables.min.js
ERR: 非法操作:js

[ 2016-08-23T10:49:48+08:00 ] ::1 /wgyttp/index.php/Admin/Index/js/fullcalendar.min.js
ERR: 非法操作:js

[ 2016-08-23T10:49:48+08:00 ] ::1 /wgyttp/index.php/Admin/Index/js/jquery.dataTables.min.js
ERR: 非法操作:js

[ 2016-08-23T10:49:49+08:00 ] ::1 /wgyttp/index.php/Admin/Index/js/fullcalendar.min.js
ERR: 非法操作:js

[ 2016-08-23T10:49:49+08:00 ] ::1 /wgyttp/index.php/Admin/Index/js/jquery.dataTables.min.js
ERR: 非法操作:js

[ 2016-08-23T10:50:04+08:00 ] ::1 /wgyttp/index.php/Admin/Index/js/jquery.dataTables.min.js
ERR: 非法操作:js

[ 2016-08-23T10:50:04+08:00 ] ::1 /wgyttp/index.php/Admin/Index/js/fullcalendar.min.js
ERR: 非法操作:js

[ 2016-08-23T10:50:05+08:00 ] ::1 /wgyttp/index.php/Admin/Index/js/fullcalendar.min.js
ERR: 非法操作:js

[ 2016-08-23T10:50:05+08:00 ] ::1 /wgyttp/index.php/Admin/Index/js/jquery.dataTables.min.js
ERR: 非法操作:js

[ 2016-08-23T13:35:14+08:00 ] ::1 /wgyttp/index.php/Admin/Index/js/fullcalendar.min.js
ERR: 非法操作:js

[ 2016-08-23T13:35:14+08:00 ] ::1 /wgyttp/index.php/Admin/Index/js/jquery.dataTables.min.js
ERR: 非法操作:js

[ 2016-08-23T13:35:21+08:00 ] ::1 /wgyttp/index.php/Admin/Index/js/fullcalendar.min.js
ERR: 非法操作:js

[ 2016-08-23T13:35:21+08:00 ] ::1 /wgyttp/index.php/Admin/Index/js/jquery.dataTables.min.js
ERR: 非法操作:js

[ 2016-08-23T13:35:22+08:00 ] ::1 /wgyttp/index.php/Admin/Index/js/fullcalendar.min.js
ERR: 非法操作:js

[ 2016-08-23T13:35:22+08:00 ] ::1 /wgyttp/index.php/Admin/Index/js/jquery.dataTables.min.js
ERR: 非法操作:js

[ 2016-08-23T13:35:30+08:00 ] ::1 /wgyttp/index.php/Admin/Index/js/fullcalendar.min.js
ERR: 非法操作:js

[ 2016-08-23T13:35:30+08:00 ] ::1 /wgyttp/index.php/Admin/Index/js/jquery.dataTables.min.js
ERR: 非法操作:js

[ 2016-08-23T13:35:30+08:00 ] ::1 /wgyttp/index.php/Admin/Index/js/fullcalendar.min.js
ERR: 非法操作:js

[ 2016-08-23T13:35:30+08:00 ] ::1 /wgyttp/index.php/Admin/Index/js/jquery.dataTables.min.js
ERR: 非法操作:js

[ 2016-08-23T13:35:43+08:00 ] ::1 /wgyttp/index.php/Admin/Index/js/fullcalendar.min.js
ERR: 非法操作:js

[ 2016-08-23T13:35:43+08:00 ] ::1 /wgyttp/index.php/Admin/Index/js/jquery.dataTables.min.js
ERR: 非法操作:js

[ 2016-08-23T13:35:43+08:00 ] ::1 /wgyttp/index.php/Admin/Index/js/fullcalendar.min.js
ERR: 非法操作:js

[ 2016-08-23T13:35:43+08:00 ] ::1 /wgyttp/index.php/Admin/Index/js/jquery.dataTables.min.js
ERR: 非法操作:js

[ 2016-08-23T13:35:45+08:00 ] ::1 /wgyttp/index.php/Admin/Index/js/fullcalendar.min.js
ERR: 非法操作:js

[ 2016-08-23T13:35:45+08:00 ] ::1 /wgyttp/index.php/Admin/Index/js/jquery.dataTables.min.js
ERR: 非法操作:js

[ 2016-08-23T13:35:50+08:00 ] ::1 /wgyttp/index.php/Admin/Index/js/fullcalendar.min.js
ERR: 非法操作:js

[ 2016-08-23T13:35:50+08:00 ] ::1 /wgyttp/index.php/Admin/Index/js/jquery.dataTables.min.js
ERR: 非法操作:js

[ 2016-08-23T13:35:50+08:00 ] ::1 /wgyttp/index.php/Admin/Index/js/fullcalendar.min.js
ERR: 非法操作:js

[ 2016-08-23T13:35:50+08:00 ] ::1 /wgyttp/index.php/Admin/Index/js/jquery.dataTables.min.js
ERR: 非法操作:js

[ 2016-08-23T13:36:41+08:00 ] ::1 /wgyttp/index.php/Admin/Index/js/fullcalendar.min.js
ERR: 非法操作:js

[ 2016-08-23T13:36:41+08:00 ] ::1 /wgyttp/index.php/Admin/Index/js/jquery.dataTables.min.js
ERR: 非法操作:js

[ 2016-08-23T13:36:42+08:00 ] ::1 /wgyttp/index.php/Admin/Index/js/fullcalendar.min.js
ERR: 非法操作:js

[ 2016-08-23T13:36:42+08:00 ] ::1 /wgyttp/index.php/Admin/Index/js/jquery.dataTables.min.js
ERR: 非法操作:js

[ 2016-08-23T13:36:49+08:00 ] ::1 /wgyttp/index.php/Admin/Index/js/fullcalendar.min.js
ERR: 非法操作:js

[ 2016-08-23T13:36:49+08:00 ] ::1 /wgyttp/index.php/Admin/Index/js/jquery.dataTables.min.js
ERR: 非法操作:js

[ 2016-08-23T13:36:49+08:00 ] ::1 /wgyttp/index.php/Admin/Index/js/fullcalendar.min.js
ERR: 非法操作:js

[ 2016-08-23T13:36:49+08:00 ] ::1 /wgyttp/index.php/Admin/Index/js/jquery.dataTables.min.js
ERR: 非法操作:js

[ 2016-08-23T13:49:50+08:00 ] ::1 /wgyttp/index.php/Admin/Index/js/fullcalendar.min.js
ERR: 非法操作:js

[ 2016-08-23T13:49:50+08:00 ] ::1 /wgyttp/index.php/Admin/Index/js/jquery.dataTables.min.js
ERR: 非法操作:js

[ 2016-08-23T13:49:51+08:00 ] ::1 /wgyttp/index.php/Admin/Index/js/fullcalendar.min.js
ERR: 非法操作:js

[ 2016-08-23T13:49:51+08:00 ] ::1 /wgyttp/index.php/Admin/Index/js/jquery.dataTables.min.js
ERR: 非法操作:js

[ 2016-08-23T14:19:19+08:00 ] ::1 /wgyttp/index.php/Admin/Index/js/fullcalendar.min.js
ERR: 非法操作:js

[ 2016-08-23T14:19:19+08:00 ] ::1 /wgyttp/index.php/Admin/Index/js/jquery.dataTables.min.js
ERR: 非法操作:js

[ 2016-08-23T14:22:40+08:00 ] ::1 /wgyttp/index.php/Admin/Index/js/fullcalendar.min.js
ERR: 非法操作:js

[ 2016-08-23T14:22:40+08:00 ] ::1 /wgyttp/index.php/Admin/Index/js/jquery.dataTables.min.js
ERR: 非法操作:js

[ 2016-08-23T14:22:40+08:00 ] ::1 /wgyttp/index.php/Admin/Index/js/fullcalendar.min.js
ERR: 非法操作:js

[ 2016-08-23T14:22:40+08:00 ] ::1 /wgyttp/index.php/Admin/Index/js/jquery.dataTables.min.js
ERR: 非法操作:js

[ 2016-08-23T14:26:42+08:00 ] ::1 /wgyttp/index.php/Admin/Index/js/jquery.dataTables.min.js
ERR: 非法操作:js

[ 2016-08-23T14:26:42+08:00 ] ::1 /wgyttp/index.php/Admin/Index/js/fullcalendar.min.js
ERR: 非法操作:js

[ 2016-08-23T14:26:42+08:00 ] ::1 /wgyttp/index.php/Admin/Index/js/fullcalendar.min.js
ERR: 非法操作:js

[ 2016-08-23T14:26:42+08:00 ] ::1 /wgyttp/index.php/Admin/Index/js/jquery.dataTables.min.js
ERR: 非法操作:js

[ 2016-08-23T14:27:57+08:00 ] ::1 /wgyttp/index.php/Admin/Index/js/fullcalendar.min.js
ERR: 非法操作:js

[ 2016-08-23T14:27:58+08:00 ] ::1 /wgyttp/index.php/Admin/Index/js/jquery.dataTables.min.js
ERR: 非法操作:js

[ 2016-08-23T14:27:58+08:00 ] ::1 /wgyttp/index.php/Admin/Index/js/fullcalendar.min.js
ERR: 非法操作:js

[ 2016-08-23T14:27:58+08:00 ] ::1 /wgyttp/index.php/Admin/Index/js/jquery.dataTables.min.js
ERR: 非法操作:js

[ 2016-08-23T14:28:00+08:00 ] ::1 /wgyttp/index.php/Admin/Index/js/jquery.dataTables.min.js
ERR: 非法操作:js

[ 2016-08-23T14:28:00+08:00 ] ::1 /wgyttp/index.php/Admin/Index/js/fullcalendar.min.js
ERR: 非法操作:js

[ 2016-08-23T14:28:00+08:00 ] ::1 /wgyttp/index.php/Admin/Index/js/fullcalendar.min.js
ERR: 非法操作:js

[ 2016-08-23T14:28:00+08:00 ] ::1 /wgyttp/index.php/Admin/Index/js/jquery.dataTables.min.js
ERR: 非法操作:js

[ 2016-08-23T14:31:04+08:00 ] ::1 /wgyttp/index.php/Admin/Community/index.html
ERR: 参数错误或者未定义:id

[ 2016-08-23T14:31:56+08:00 ] ::1 /wgyttp/index.php/Admin/Community/index.html
ERR: 参数错误或者未定义:id

[ 2016-08-23T14:31:58+08:00 ] ::1 /wgyttp/index.php/Admin/Community/index.html
ERR: 参数错误或者未定义:id

[ 2016-08-23T14:35:03+08:00 ] ::1 /wgyttp/index.php/Admin/Community/index.html
ERR: 参数错误或者未定义:id

[ 2016-08-23T14:35:07+08:00 ] ::1 /wgyttp/index.php/Admin/Index/js/fullcalendar.min.js
ERR: 非法操作:js

[ 2016-08-23T14:35:07+08:00 ] ::1 /wgyttp/index.php/Admin/Index/js/jquery.dataTables.min.js
ERR: 非法操作:js

[ 2016-08-23T14:35:07+08:00 ] ::1 /wgyttp/index.php/Admin/Index/js/fullcalendar.min.js
ERR: 非法操作:js

[ 2016-08-23T14:35:07+08:00 ] ::1 /wgyttp/index.php/Admin/Index/js/jquery.dataTables.min.js
ERR: 非法操作:js

[ 2016-08-23T14:36:01+08:00 ] ::1 /wgyttp/index.php/Admin/Index/js/fullcalendar.min.js
ERR: 非法操作:js

[ 2016-08-23T14:36:01+08:00 ] ::1 /wgyttp/index.php/Admin/Index/js/jquery.dataTables.min.js
ERR: 非法操作:js

[ 2016-08-23T14:36:01+08:00 ] ::1 /wgyttp/index.php/Admin/Index/js/fullcalendar.min.js
ERR: 非法操作:js

[ 2016-08-23T14:36:01+08:00 ] ::1 /wgyttp/index.php/Admin/Index/js/jquery.dataTables.min.js
ERR: 非法操作:js

[ 2016-08-23T14:36:04+08:00 ] ::1 /wgyttp/index.php/Admin/Index/js/fullcalendar.min.js
ERR: 非法操作:js

[ 2016-08-23T14:36:04+08:00 ] ::1 /wgyttp/index.php/Admin/Index/js/jquery.dataTables.min.js
ERR: 非法操作:js

[ 2016-08-23T14:36:04+08:00 ] ::1 /wgyttp/index.php/Admin/Index/js/fullcalendar.min.js
ERR: 非法操作:js

[ 2016-08-23T14:36:04+08:00 ] ::1 /wgyttp/index.php/Admin/Index/js/jquery.dataTables.min.js
ERR: 非法操作:js

[ 2016-08-23T14:36:05+08:00 ] ::1 /wgyttp/index.php/Admin/Index/js/fullcalendar.min.js
ERR: 非法操作:js

[ 2016-08-23T14:36:05+08:00 ] ::1 /wgyttp/index.php/Admin/Index/js/jquery.dataTables.min.js
ERR: 非法操作:js

[ 2016-08-23T14:36:05+08:00 ] ::1 /wgyttp/index.php/Admin/Index/js/fullcalendar.min.js
ERR: 非法操作:js

[ 2016-08-23T14:36:05+08:00 ] ::1 /wgyttp/index.php/Admin/Index/js/jquery.dataTables.min.js
ERR: 非法操作:js

[ 2016-08-23T14:38:44+08:00 ] ::1 /wgyttp/index.php/Admin/Community/index.html
ERR: 参数错误或者未定义:id

[ 2016-08-23T14:42:26+08:00 ] ::1 /wgyttp/index.php/Admin/Community/index.html
ERR: 参数错误或者未定义:id

[ 2016-08-23T14:43:48+08:00 ] ::1 /wgyttp/index.php/Admin/Community/index.html
ERR: 参数错误或者未定义:id

[ 2016-08-23T14:47:16+08:00 ] ::1 /wgyttp/index.php/Admin/Community/index.html
ERR: 参数错误或者未定义:id

[ 2016-08-23T14:51:15+08:00 ] ::1 /wgyttp/index.php/Admin/Index/js/fullcalendar.min.js
ERR: 非法操作:js

[ 2016-08-23T14:51:15+08:00 ] ::1 /wgyttp/index.php/Admin/Index/js/jquery.dataTables.min.js
ERR: 非法操作:js

[ 2016-08-23T14:51:15+08:00 ] ::1 /wgyttp/index.php/Admin/Index/js/fullcalendar.min.js
ERR: 非法操作:js

[ 2016-08-23T14:51:15+08:00 ] ::1 /wgyttp/index.php/Admin/Index/js/jquery.dataTables.min.js
ERR: 非法操作:js

[ 2016-08-23T18:05:46+08:00 ] ::1 /wgyttp/index.php/Admin/Index/js/fullcalendar.min.js
ERR: 非法操作:js

[ 2016-08-23T18:05:46+08:00 ] ::1 /wgyttp/index.php/Admin/Index/js/jquery.dataTables.min.js
ERR: 非法操作:js

[ 2016-08-23T18:05:47+08:00 ] ::1 /wgyttp/index.php/Admin/Index/js/fullcalendar.min.js
ERR: 非法操作:js

[ 2016-08-23T18:05:47+08:00 ] ::1 /wgyttp/index.php/Admin/Index/js/jquery.dataTables.min.js
ERR: 非法操作:js

[ 2016-08-23T18:15:35+08:00 ] ::1 /wgyttp/index.php/Admin/Estate/insert.html
ERR: Think\Controller:getField方法不存在！

[ 2016-08-23T19:02:35+08:00 ] ::1 /wgyttp/index.php/Admin/Community/index.html
ERR: 参数错误或者未定义:id

