[ 2016-08-18T09:55:27+08:00 ] ::1 /wgyt/index.php/Admin/Index/js/fullcalendar.min.js
ERR: 非法操作:js

[ 2016-08-18T09:55:27+08:00 ] ::1 /wgyt/index.php/Admin/Index/js/jquery.dataTables.min.js
ERR: 非法操作:js

[ 2016-08-18T09:55:27+08:00 ] ::1 /wgyt/index.php/Admin/Index/js/fullcalendar.min.js
ERR: 非法操作:js

[ 2016-08-18T09:55:28+08:00 ] ::1 /wgyt/index.php/Admin/Index/js/jquery.dataTables.min.js
ERR: 非法操作:js

[ 2016-08-18T10:53:33+08:00 ] ::1 /wgyt/index.php/Admin/Index/js/fullcalendar.min.js
ERR: 非法操作:js

[ 2016-08-18T10:53:33+08:00 ] ::1 /wgyt/index.php/Admin/Index/js/jquery.dataTables.min.js
ERR: 非法操作:js

[ 2016-08-18T10:53:33+08:00 ] ::1 /wgyt/index.php/Admin/Index/js/fullcalendar.min.js
ERR: 非法操作:js

[ 2016-08-18T10:53:33+08:00 ] ::1 /wgyt/index.php/Admin/Index/js/jquery.dataTables.min.js
ERR: 非法操作:js

[ 2016-08-18T10:54:19+08:00 ] ::1 /wgyt/index.php/Admin/Index/js/fullcalendar.min.js
ERR: 非法操作:js

[ 2016-08-18T10:54:19+08:00 ] ::1 /wgyt/index.php/Admin/Index/js/jquery.dataTables.min.js
ERR: 非法操作:js

[ 2016-08-18T10:54:26+08:00 ] ::1 /wgyt/index.php/Admin/Index/gallery.html
ERR: 非法操作:gallery

[ 2016-08-18T11:06:30+08:00 ] ::1 /wgyt/index.php/Admin/Index/form.html
ERR: 非法操作:form

[ 2016-08-18T11:33:16+08:00 ] ::1 /wgyt/index.php/Admin/Estate/index
ERR: 模板不存在:./Home/Admin/View/Estate/index.html

[ 2016-08-18T11:33:52+08:00 ] ::1 /wgyt/index.php/Admin/Estate/index
ERR: 模板不存在:./Home/Admin/View/Estate/index.html

[ 2016-08-18T11:34:29+08:00 ] ::1 /wgyt/index.php/Admin/Estate/js/fullcalendar.min.js
ERR: 非法操作:js

[ 2016-08-18T11:34:29+08:00 ] ::1 /wgyt/index.php/Admin/Estate/js/jquery.dataTables.min.js
ERR: 非法操作:js

[ 2016-08-18T11:34:29+08:00 ] ::1 /wgyt/index.php/Admin/Estate/js/fullcalendar.min.js
ERR: 非法操作:js

[ 2016-08-18T11:34:30+08:00 ] ::1 /wgyt/index.php/Admin/Estate/js/jquery.dataTables.min.js
ERR: 非法操作:js

[ 2016-08-18T11:44:57+08:00 ] ::1 /wgyt/index.php/Admin/Estate/table.html
ERR: 非法操作:table

[ 2016-08-18T13:30:31+08:00 ] ::1 /wgyt/index.php/Admin/Estate/table.html
ERR: 非法操作:table

[ 2016-08-18T13:33:08+08:00 ] ::1 /wgyt/index.php/Admin/Estate/login.html
ERR: 非法操作:login

[ 2016-08-18T13:34:11+08:00 ] ::1 /wgyt/index.php/Admin/Index/js/fullcalendar.min.js
ERR: 非法操作:js

[ 2016-08-18T13:34:11+08:00 ] ::1 /wgyt/index.php/Admin/Index/js/jquery.dataTables.min.js
ERR: 非法操作:js

[ 2016-08-18T13:34:16+08:00 ] ::1 /wgyt/index.php/Admin/Index/js/fullcalendar.min.js
ERR: 非法操作:js

[ 2016-08-18T13:34:16+08:00 ] ::1 /wgyt/index.php/Admin/Index/js/jquery.dataTables.min.js
ERR: 非法操作:js

[ 2016-08-18T13:34:18+08:00 ] ::1 /wgyt/index.php/Admin/Index/js/fullcalendar.min.js
ERR: 非法操作:js

[ 2016-08-18T13:34:18+08:00 ] ::1 /wgyt/index.php/Admin/Index/js/jquery.dataTables.min.js
ERR: 非法操作:js

[ 2016-08-18T14:06:04+08:00 ] ::1 /wgyt/index.php/Admin/Index/js/fullcalendar.min.js
ERR: 非法操作:js

[ 2016-08-18T14:06:05+08:00 ] ::1 /wgyt/index.php/Admin/Index/js/jquery.dataTables.min.js
ERR: 非法操作:js

[ 2016-08-18T14:06:05+08:00 ] ::1 /wgyt/index.php/Admin/Index/js/fullcalendar.min.js
ERR: 非法操作:js

[ 2016-08-18T14:06:05+08:00 ] ::1 /wgyt/index.php/Admin/Index/js/jquery.dataTables.min.js
ERR: 非法操作:js

[ 2016-08-18T14:06:07+08:00 ] ::1 /wgyt/index.php/Admin/Index/Estate/index.html
ERR: 非法操作:Estate

[ 2016-08-18T14:06:18+08:00 ] ::1 /wgyt/index.php/Admin/Index/js/fullcalendar.min.js
ERR: 非法操作:js

[ 2016-08-18T14:06:18+08:00 ] ::1 /wgyt/index.php/Admin/Index/js/jquery.dataTables.min.js
ERR: 非法操作:js

[ 2016-08-18T14:06:33+08:00 ] ::1 /wgyt/index.php/Admin/Index/Estate/index.html
ERR: 非法操作:Estate

[ 2016-08-18T14:06:36+08:00 ] ::1 /wgyt/index.php/Admin/Index/Estate/index.html
ERR: 非法操作:Estate

[ 2016-08-18T14:06:38+08:00 ] ::1 /wgyt/index.php/Admin/Index/js/fullcalendar.min.js
ERR: 非法操作:js

[ 2016-08-18T14:06:38+08:00 ] ::1 /wgyt/index.php/Admin/Index/js/jquery.dataTables.min.js
ERR: 非法操作:js

[ 2016-08-18T14:06:40+08:00 ] ::1 /wgyt/index.php/Admin/Index/js/fullcalendar.min.js
ERR: 非法操作:js

[ 2016-08-18T14:06:40+08:00 ] ::1 /wgyt/index.php/Admin/Index/js/jquery.dataTables.min.js
ERR: 非法操作:js

[ 2016-08-18T14:06:41+08:00 ] ::1 /wgyt/index.php/Admin/Index/js/fullcalendar.min.js
ERR: 非法操作:js

[ 2016-08-18T14:06:41+08:00 ] ::1 /wgyt/index.php/Admin/Index/js/jquery.dataTables.min.js
ERR: 非法操作:js

[ 2016-08-18T14:06:42+08:00 ] ::1 /wgyt/index.php/Admin/Index/Estate/index
ERR: 非法操作:Estate

[ 2016-08-18T14:06:54+08:00 ] ::1 /wgyt/index.php/Admin/Index/js/jquery.dataTables.min.js
ERR: 非法操作:js

[ 2016-08-18T14:06:54+08:00 ] ::1 /wgyt/index.php/Admin/Index/js/fullcalendar.min.js
ERR: 非法操作:js

[ 2016-08-18T14:06:54+08:00 ] ::1 /wgyt/index.php/Admin/Index/js/fullcalendar.min.js
ERR: 非法操作:js

[ 2016-08-18T14:06:54+08:00 ] ::1 /wgyt/index.php/Admin/Index/js/jquery.dataTables.min.js
ERR: 非法操作:js

[ 2016-08-18T14:06:58+08:00 ] ::1 /wgyt/index.php/Admin/Index/js/fullcalendar.min.js
ERR: 非法操作:js

[ 2016-08-18T14:06:58+08:00 ] ::1 /wgyt/index.php/Admin/Index/js/jquery.dataTables.min.js
ERR: 非法操作:js

[ 2016-08-18T14:06:59+08:00 ] ::1 /wgyt/index.php/Admin/Index/js/fullcalendar.min.js
ERR: 非法操作:js

[ 2016-08-18T14:06:59+08:00 ] ::1 /wgyt/index.php/Admin/Index/js/jquery.dataTables.min.js
ERR: 非法操作:js

[ 2016-08-18T14:07:48+08:00 ] ::1 /wgyt/index.php/Admin/Index/js/fullcalendar.min.js
ERR: 非法操作:js

[ 2016-08-18T14:07:48+08:00 ] ::1 /wgyt/index.php/Admin/Index/js/jquery.dataTables.min.js
ERR: 非法操作:js

[ 2016-08-18T14:07:48+08:00 ] ::1 /wgyt/index.php/Admin/Index/js/fullcalendar.min.js
ERR: 非法操作:js

[ 2016-08-18T14:07:48+08:00 ] ::1 /wgyt/index.php/Admin/Index/js/jquery.dataTables.min.js
ERR: 非法操作:js

[ 2016-08-18T14:09:23+08:00 ] ::1 /wgyt/index.php/Admin/Estate/form.html
ERR: 非法操作:form

[ 2016-08-18T14:43:16+08:00 ] ::1 /wgyt/index.php/Admin/Estate/form.html
ERR: 非法操作:form

[ 2016-08-18T14:57:16+08:00 ] ::1 /wgyt/index.php/Admin/Estate/js/fullcalendar.min.js
ERR: 非法操作:js

[ 2016-08-18T14:57:16+08:00 ] ::1 /wgyt/index.php/Admin/Estate/js/jquery.dataTables.min.js
ERR: 非法操作:js

[ 2016-08-18T14:57:16+08:00 ] ::1 /wgyt/index.php/Admin/Estate/js/fullcalendar.min.js
ERR: 非法操作:js

[ 2016-08-18T14:57:16+08:00 ] ::1 /wgyt/index.php/Admin/Estate/js/jquery.dataTables.min.js
ERR: 非法操作:js

[ 2016-08-18T14:59:12+08:00 ] ::1 /wgyt/index.php/Admin/Estate/js/fullcalendar.min.js
ERR: 非法操作:js

[ 2016-08-18T14:59:12+08:00 ] ::1 /wgyt/index.php/Admin/Estate/js/jquery.dataTables.min.js
ERR: 非法操作:js

[ 2016-08-18T14:59:12+08:00 ] ::1 /wgyt/index.php/Admin/Estate/js/fullcalendar.min.js
ERR: 非法操作:js

[ 2016-08-18T14:59:12+08:00 ] ::1 /wgyt/index.php/Admin/Estate/js/jquery.dataTables.min.js
ERR: 非法操作:js

[ 2016-08-18T14:59:34+08:00 ] ::1 /wgyt/index.php/Admin/Estate/js/fullcalendar.min.js
ERR: 非法操作:js

[ 2016-08-18T14:59:34+08:00 ] ::1 /wgyt/index.php/Admin/Estate/js/jquery.dataTables.min.js
ERR: 非法操作:js

[ 2016-08-18T14:59:34+08:00 ] ::1 /wgyt/index.php/Admin/Estate/js/fullcalendar.min.js
ERR: 非法操作:js

[ 2016-08-18T14:59:34+08:00 ] ::1 /wgyt/index.php/Admin/Estate/js/jquery.dataTables.min.js
ERR: 非法操作:js

[ 2016-08-18T15:01:13+08:00 ] ::1 /wgyt/index.php/Admin/Estate/js/fullcalendar.min.js
ERR: 非法操作:js

[ 2016-08-18T15:01:13+08:00 ] ::1 /wgyt/index.php/Admin/Estate/js/jquery.dataTables.min.js
ERR: 非法操作:js

[ 2016-08-18T15:01:14+08:00 ] ::1 /wgyt/index.php/Admin/Estate/js/fullcalendar.min.js
ERR: 非法操作:js

[ 2016-08-18T15:01:14+08:00 ] ::1 /wgyt/index.php/Admin/Estate/js/jquery.dataTables.min.js
ERR: 非法操作:js

[ 2016-08-18T15:01:25+08:00 ] ::1 /wgyt/index.php/Admin/Estate/js/fullcalendar.min.js
ERR: 非法操作:js

[ 2016-08-18T15:01:25+08:00 ] ::1 /wgyt/index.php/Admin/Estate/js/jquery.dataTables.min.js
ERR: 非法操作:js

[ 2016-08-18T15:01:26+08:00 ] ::1 /wgyt/index.php/Admin/Estate/js/fullcalendar.min.js
ERR: 非法操作:js

[ 2016-08-18T15:01:26+08:00 ] ::1 /wgyt/index.php/Admin/Estate/js/jquery.dataTables.min.js
ERR: 非法操作:js

[ 2016-08-18T15:02:19+08:00 ] ::1 /wgyt/index.php/Admin/Estate/js/fullcalendar.min.js
ERR: 非法操作:js

[ 2016-08-18T15:02:19+08:00 ] ::1 /wgyt/index.php/Admin/Estate/js/jquery.dataTables.min.js
ERR: 非法操作:js

[ 2016-08-18T15:02:19+08:00 ] ::1 /wgyt/index.php/Admin/Estate/js/fullcalendar.min.js
ERR: 非法操作:js

[ 2016-08-18T15:02:19+08:00 ] ::1 /wgyt/index.php/Admin/Estate/js/jquery.dataTables.min.js
ERR: 非法操作:js

[ 2016-08-18T15:02:25+08:00 ] ::1 /wgyt/index.php/Admin/Estate/js/jquery.dataTables.min.js
ERR: 非法操作:js

[ 2016-08-18T15:02:25+08:00 ] ::1 /wgyt/index.php/Admin/Estate/js/fullcalendar.min.js
ERR: 非法操作:js

[ 2016-08-18T15:02:25+08:00 ] ::1 /wgyt/index.php/Admin/Estate/js/fullcalendar.min.js
ERR: 非法操作:js

[ 2016-08-18T15:02:25+08:00 ] ::1 /wgyt/index.php/Admin/Estate/js/jquery.dataTables.min.js
ERR: 非法操作:js

[ 2016-08-18T15:02:57+08:00 ] ::1 /wgyt/index.php/Admin/Estate/js/fullcalendar.min.js
ERR: 非法操作:js

[ 2016-08-18T15:02:57+08:00 ] ::1 /wgyt/index.php/Admin/Estate/js/jquery.dataTables.min.js
ERR: 非法操作:js

[ 2016-08-18T15:02:57+08:00 ] ::1 /wgyt/index.php/Admin/Estate/js/fullcalendar.min.js
ERR: 非法操作:js

[ 2016-08-18T15:02:57+08:00 ] ::1 /wgyt/index.php/Admin/Estate/js/jquery.dataTables.min.js
ERR: 非法操作:js

[ 2016-08-18T15:03:52+08:00 ] ::1 /wgyt/index.php/Admin/Estate/js/fullcalendar.min.js
ERR: 非法操作:js

[ 2016-08-18T15:03:52+08:00 ] ::1 /wgyt/index.php/Admin/Estate/js/jquery.dataTables.min.js
ERR: 非法操作:js

[ 2016-08-18T15:03:52+08:00 ] ::1 /wgyt/index.php/Admin/Estate/js/fullcalendar.min.js
ERR: 非法操作:js

[ 2016-08-18T15:03:52+08:00 ] ::1 /wgyt/index.php/Admin/Estate/js/jquery.dataTables.min.js
ERR: 非法操作:js

[ 2016-08-18T15:04:35+08:00 ] ::1 /wgyt/index.php/Admin/Estate/js/fullcalendar.min.js
ERR: 非法操作:js

[ 2016-08-18T15:04:35+08:00 ] ::1 /wgyt/index.php/Admin/Estate/js/jquery.dataTables.min.js
ERR: 非法操作:js

[ 2016-08-18T15:04:35+08:00 ] ::1 /wgyt/index.php/Admin/Estate/js/fullcalendar.min.js
ERR: 非法操作:js

[ 2016-08-18T15:04:35+08:00 ] ::1 /wgyt/index.php/Admin/Estate/js/jquery.dataTables.min.js
ERR: 非法操作:js

[ 2016-08-18T15:05:03+08:00 ] ::1 /wgyt/index.php/Admin/Estate/table.html
ERR: 非法操作:table

[ 2016-08-18T15:05:06+08:00 ] ::1 /wgyt/index.php/Admin/Estate/js/fullcalendar.min.js
ERR: 非法操作:js

[ 2016-08-18T15:05:06+08:00 ] ::1 /wgyt/index.php/Admin/Estate/js/jquery.dataTables.min.js
ERR: 非法操作:js

[ 2016-08-18T15:06:44+08:00 ] ::1 /wgyt/index.php/Admin/Estate/js/fullcalendar.min.js
ERR: 非法操作:js

[ 2016-08-18T15:06:44+08:00 ] ::1 /wgyt/index.php/Admin/Estate/js/jquery.dataTables.min.js
ERR: 非法操作:js

[ 2016-08-18T15:06:44+08:00 ] ::1 /wgyt/index.php/Admin/Estate/js/fullcalendar.min.js
ERR: 非法操作:js

[ 2016-08-18T15:06:44+08:00 ] ::1 /wgyt/index.php/Admin/Estate/js/jquery.dataTables.min.js
ERR: 非法操作:js

[ 2016-08-18T15:08:04+08:00 ] ::1 /wgyt/index.php/Admin/Estate/js/fullcalendar.min.js
ERR: 非法操作:js

[ 2016-08-18T15:08:04+08:00 ] ::1 /wgyt/index.php/Admin/Estate/js/jquery.dataTables.min.js
ERR: 非法操作:js

[ 2016-08-18T15:08:04+08:00 ] ::1 /wgyt/index.php/Admin/Estate/js/fullcalendar.min.js
ERR: 非法操作:js

[ 2016-08-18T15:08:04+08:00 ] ::1 /wgyt/index.php/Admin/Estate/js/jquery.dataTables.min.js
ERR: 非法操作:js

[ 2016-08-18T15:08:24+08:00 ] ::1 /wgyt/index.php/Admin/Estate/js/fullcalendar.min.js
ERR: 非法操作:js

[ 2016-08-18T15:08:24+08:00 ] ::1 /wgyt/index.php/Admin/Estate/js/jquery.dataTables.min.js
ERR: 非法操作:js

[ 2016-08-18T15:08:24+08:00 ] ::1 /wgyt/index.php/Admin/Estate/js/fullcalendar.min.js
ERR: 非法操作:js

[ 2016-08-18T15:08:24+08:00 ] ::1 /wgyt/index.php/Admin/Estate/js/jquery.dataTables.min.js
ERR: 非法操作:js

[ 2016-08-18T15:09:25+08:00 ] ::1 /wgyt/index.php/Admin/Estate/js/fullcalendar.min.js
ERR: 非法操作:js

[ 2016-08-18T15:09:25+08:00 ] ::1 /wgyt/index.php/Admin/Estate/js/jquery.dataTables.min.js
ERR: 非法操作:js

[ 2016-08-18T15:09:26+08:00 ] ::1 /wgyt/index.php/Admin/Estate/js/fullcalendar.min.js
ERR: 非法操作:js

[ 2016-08-18T15:09:26+08:00 ] ::1 /wgyt/index.php/Admin/Estate/js/jquery.dataTables.min.js
ERR: 非法操作:js

[ 2016-08-18T15:17:11+08:00 ] ::1 /wgyt/index.php/Admin/Estate/table.html
ERR: 非法操作:table

[ 2016-08-18T15:17:21+08:00 ] ::1 /wgyt/index.php/Admin/Estate/table.html
ERR: 非法操作:table

[ 2016-08-18T15:17:40+08:00 ] ::1 /wgyt/index.php/Admin/Estate/table.html
ERR: 非法操作:table

[ 2016-08-18T15:26:00+08:00 ] ::1 /wgyt/index.php/Admin/Estate/insert.html
ERR: 非法操作:insert

[ 2016-08-18T15:26:04+08:00 ] ::1 /wgyt/index.php/Admin/Estate/insert.html
ERR: 非法操作:insert

[ 2016-08-18T15:26:16+08:00 ] ::1 /wgyt/index.php/Admin/Estate/add.hmtl
ERR: 非法操作:add.hmtl

[ 2016-08-18T15:26:24+08:00 ] ::1 /wgyt/index.php/Admin/Estate/add.hmtl
ERR: 非法操作:add.hmtl

