[ 2016-08-25T10:48:49+08:00 ] ::1 /wgyttp/index.php/Admin/Estate/css/bootstrap-responsive.min.css
ERR: 非法操作:css

[ 2016-08-25T10:48:49+08:00 ] ::1 /wgyttp/index.php/Admin/Estate/css/bootstrap.min.css
ERR: 非法操作:css

[ 2016-08-25T10:48:49+08:00 ] ::1 /wgyttp/index.php/Admin/Estate/css/style.css
ERR: 非法操作:css

[ 2016-08-25T10:48:49+08:00 ] ::1 /wgyttp/index.php/Admin/Estate/css/style-responsive.css
ERR: 非法操作:css

[ 2016-08-25T10:48:49+08:00 ] ::1 /wgyttp/index.php/Admin/Estate/js/jquery-1.9.1.min.js
ERR: 非法操作:js

[ 2016-08-25T10:48:49+08:00 ] ::1 /wgyttp/index.php/Admin/Estate/js/jquery-migrate-1.0.0.min.js
ERR: 非法操作:js

[ 2016-08-25T10:48:49+08:00 ] ::1 /wgyttp/index.php/Admin/Estate/js/jquery-ui-1.10.0.custom.min.js
ERR: 非法操作:js

[ 2016-08-25T10:48:49+08:00 ] ::1 /wgyttp/index.php/Admin/Estate/js/jquery.ui.touch-punch.js
ERR: 非法操作:js

[ 2016-08-25T10:48:49+08:00 ] ::1 /wgyttp/index.php/Admin/Estate/js/modernizr.js
ERR: 非法操作:js

[ 2016-08-25T10:48:49+08:00 ] ::1 /wgyttp/index.php/Admin/Estate/js/bootstrap.min.js
ERR: 非法操作:js

[ 2016-08-25T10:48:49+08:00 ] ::1 /wgyttp/index.php/Admin/Estate/js/jquery.cookie.js
ERR: 非法操作:js

[ 2016-08-25T10:48:49+08:00 ] ::1 /wgyttp/index.php/Admin/Estate/js/fullcalendar.min.js
ERR: 非法操作:js

[ 2016-08-25T10:48:49+08:00 ] ::1 /wgyttp/index.php/Admin/Estate/js/jquery.dataTables.min.js
ERR: 非法操作:js

[ 2016-08-25T10:48:49+08:00 ] ::1 /wgyttp/index.php/Admin/Estate/js/excanvas.js
ERR: 非法操作:js

[ 2016-08-25T10:48:49+08:00 ] ::1 /wgyttp/index.php/Admin/Estate/js/jquery.flot.pie.js
ERR: 非法操作:js

[ 2016-08-25T10:48:49+08:00 ] ::1 /wgyttp/index.php/Admin/Estate/js/jquery.flot.js
ERR: 非法操作:js

[ 2016-08-25T10:48:49+08:00 ] ::1 /wgyttp/index.php/Admin/Estate/js/jquery.flot.resize.min.js
ERR: 非法操作:js

[ 2016-08-25T10:48:49+08:00 ] ::1 /wgyttp/index.php/Admin/Estate/js/jquery.flot.stack.js
ERR: 非法操作:js

[ 2016-08-25T10:48:49+08:00 ] ::1 /wgyttp/index.php/Admin/Estate/js/jquery-1.9.1.min.js
ERR: 非法操作:js

[ 2016-08-25T10:48:49+08:00 ] ::1 /wgyttp/index.php/Admin/Estate/js/jquery.chosen.min.js
ERR: 非法操作:js

[ 2016-08-25T10:48:49+08:00 ] ::1 /wgyttp/index.php/Admin/Estate/js/jquery.noty.js
ERR: 非法操作:js

[ 2016-08-25T10:48:49+08:00 ] ::1 /wgyttp/index.php/Admin/Estate/js/jquery.uniform.min.js
ERR: 非法操作:js

[ 2016-08-25T10:48:49+08:00 ] ::1 /wgyttp/index.php/Admin/Estate/js/jquery.cleditor.min.js
ERR: 非法操作:js

[ 2016-08-25T10:48:49+08:00 ] ::1 /wgyttp/index.php/Admin/Estate/js/jquery.elfinder.min.js
ERR: 非法操作:js

[ 2016-08-25T10:48:49+08:00 ] ::1 /wgyttp/index.php/Admin/Estate/js/jquery.iphone.toggle.js
ERR: 非法操作:js

[ 2016-08-25T10:48:49+08:00 ] ::1 /wgyttp/index.php/Admin/Estate/js/jquery.raty.min.js
ERR: 非法操作:js

[ 2016-08-25T10:48:49+08:00 ] ::1 /wgyttp/index.php/Admin/Estate/js/jquery.uploadify-3.1.min.js
ERR: 非法操作:js

[ 2016-08-25T10:48:49+08:00 ] ::1 /wgyttp/index.php/Admin/Estate/js/jquery.gritter.min.js
ERR: 非法操作:js

[ 2016-08-25T10:48:49+08:00 ] ::1 /wgyttp/index.php/Admin/Estate/js/jquery.imagesloaded.js
ERR: 非法操作:js

[ 2016-08-25T10:48:49+08:00 ] ::1 /wgyttp/index.php/Admin/Estate/js/jquery.masonry.min.js
ERR: 非法操作:js

[ 2016-08-25T10:48:49+08:00 ] ::1 /wgyttp/index.php/Admin/Estate/js/jquery.knob.modified.js
ERR: 非法操作:js

[ 2016-08-25T10:48:49+08:00 ] ::1 /wgyttp/index.php/Admin/Estate/js/jquery.sparkline.min.js
ERR: 非法操作:js

[ 2016-08-25T10:48:49+08:00 ] ::1 /wgyttp/index.php/Admin/Estate/js/counter.js
ERR: 非法操作:js

[ 2016-08-25T10:48:49+08:00 ] ::1 /wgyttp/index.php/Admin/Estate/js/retina.js
ERR: 非法操作:js

[ 2016-08-25T10:48:49+08:00 ] ::1 /wgyttp/index.php/Admin/Estate/js/custom.js
ERR: 非法操作:js

[ 2016-08-25T10:48:49+08:00 ] ::1 /wgyttp/index.php/Admin/Estate/js/jquery-migrate-1.0.0.min.js
ERR: 非法操作:js

[ 2016-08-25T10:48:49+08:00 ] ::1 /wgyttp/index.php/Admin/Estate/js/jquery-ui-1.10.0.custom.min.js
ERR: 非法操作:js

[ 2016-08-25T10:48:50+08:00 ] ::1 /wgyttp/index.php/Admin/Estate/js/jquery.ui.touch-punch.js
ERR: 非法操作:js

[ 2016-08-25T10:48:50+08:00 ] ::1 /wgyttp/index.php/Admin/Estate/js/modernizr.js
ERR: 非法操作:js

[ 2016-08-25T10:48:50+08:00 ] ::1 /wgyttp/index.php/Admin/Estate/js/bootstrap.min.js
ERR: 非法操作:js

[ 2016-08-25T10:48:50+08:00 ] ::1 /wgyttp/index.php/Admin/Estate/js/jquery.cookie.js
ERR: 非法操作:js

[ 2016-08-25T10:48:50+08:00 ] ::1 /wgyttp/index.php/Admin/Estate/js/fullcalendar.min.js
ERR: 非法操作:js

[ 2016-08-25T10:48:50+08:00 ] ::1 /wgyttp/index.php/Admin/Estate/js/jquery.dataTables.min.js
ERR: 非法操作:js

[ 2016-08-25T10:48:50+08:00 ] ::1 /wgyttp/index.php/Admin/Estate/js/excanvas.js
ERR: 非法操作:js

[ 2016-08-25T10:48:50+08:00 ] ::1 /wgyttp/index.php/Admin/Estate/js/jquery.flot.js
ERR: 非法操作:js

[ 2016-08-25T10:48:50+08:00 ] ::1 /wgyttp/index.php/Admin/Estate/js/jquery.flot.pie.js
ERR: 非法操作:js

[ 2016-08-25T10:48:50+08:00 ] ::1 /wgyttp/index.php/Admin/Estate/js/jquery.flot.stack.js
ERR: 非法操作:js

[ 2016-08-25T10:48:50+08:00 ] ::1 /wgyttp/index.php/Admin/Estate/js/jquery.flot.resize.min.js
ERR: 非法操作:js

[ 2016-08-25T10:48:50+08:00 ] ::1 /wgyttp/index.php/Admin/Estate/js/jquery.chosen.min.js
ERR: 非法操作:js

[ 2016-08-25T10:48:50+08:00 ] ::1 /wgyttp/index.php/Admin/Estate/js/jquery.uniform.min.js
ERR: 非法操作:js

[ 2016-08-25T10:48:50+08:00 ] ::1 /wgyttp/index.php/Admin/Estate/js/jquery.cleditor.min.js
ERR: 非法操作:js

[ 2016-08-25T10:48:50+08:00 ] ::1 /wgyttp/index.php/Admin/Estate/js/jquery.noty.js
ERR: 非法操作:js

[ 2016-08-25T10:48:50+08:00 ] ::1 /wgyttp/index.php/Admin/Estate/js/jquery.elfinder.min.js
ERR: 非法操作:js

[ 2016-08-25T10:48:50+08:00 ] ::1 /wgyttp/index.php/Admin/Estate/js/jquery.raty.min.js
ERR: 非法操作:js

[ 2016-08-25T10:48:50+08:00 ] ::1 /wgyttp/index.php/Admin/Estate/js/jquery.iphone.toggle.js
ERR: 非法操作:js

[ 2016-08-25T10:48:50+08:00 ] ::1 /wgyttp/index.php/Admin/Estate/js/jquery.uploadify-3.1.min.js
ERR: 非法操作:js

[ 2016-08-25T10:48:50+08:00 ] ::1 /wgyttp/index.php/Admin/Estate/js/jquery.gritter.min.js
ERR: 非法操作:js

[ 2016-08-25T10:48:50+08:00 ] ::1 /wgyttp/index.php/Admin/Estate/js/jquery.imagesloaded.js
ERR: 非法操作:js

[ 2016-08-25T10:48:50+08:00 ] ::1 /wgyttp/index.php/Admin/Estate/js/jquery.masonry.min.js
ERR: 非法操作:js

[ 2016-08-25T10:48:50+08:00 ] ::1 /wgyttp/index.php/Admin/Estate/js/jquery.knob.modified.js
ERR: 非法操作:js

[ 2016-08-25T10:48:50+08:00 ] ::1 /wgyttp/index.php/Admin/Estate/js/jquery.sparkline.min.js
ERR: 非法操作:js

[ 2016-08-25T10:48:50+08:00 ] ::1 /wgyttp/index.php/Admin/Estate/js/counter.js
ERR: 非法操作:js

[ 2016-08-25T10:48:50+08:00 ] ::1 /wgyttp/index.php/Admin/Estate/js/retina.js
ERR: 非法操作:js

[ 2016-08-25T10:48:50+08:00 ] ::1 /wgyttp/index.php/Admin/Estate/js/custom.js
ERR: 非法操作:js

[ 2016-08-25T10:49:52+08:00 ] ::1 /wgyttp/index.php/Admin/Estate/css/style.css
ERR: 非法操作:css

[ 2016-08-25T10:49:52+08:00 ] ::1 /wgyttp/index.php/Admin/Estate/css/bootstrap-responsive.min.css
ERR: 非法操作:css

[ 2016-08-25T10:49:52+08:00 ] ::1 /wgyttp/index.php/Admin/Estate/css/style-responsive.css
ERR: 非法操作:css

[ 2016-08-25T10:49:52+08:00 ] ::1 /wgyttp/index.php/Admin/Estate/css/bootstrap.min.css
ERR: 非法操作:css

