[ 2016-08-22T09:38:44+08:00 ] ::1 /wgyt/index.php/Admin/Index/js/fullcalendar.min.js
ERR: 非法操作:js

[ 2016-08-22T09:38:44+08:00 ] ::1 /wgyt/index.php/Admin/Index/js/jquery.dataTables.min.js
ERR: 非法操作:js

[ 2016-08-22T09:38:44+08:00 ] ::1 /wgyt/index.php/Admin/Index/js/fullcalendar.min.js
ERR: 非法操作:js

[ 2016-08-22T09:38:44+08:00 ] ::1 /wgyt/index.php/Admin/Index/js/jquery.dataTables.min.js
ERR: 非法操作:js

[ 2016-08-22T15:30:40+08:00 ] ::1 /wgyt/index.php/Admin/Index/js/fullcalendar.min.js
ERR: 非法操作:js

[ 2016-08-22T15:30:40+08:00 ] ::1 /wgyt/index.php/Admin/Index/js/jquery.dataTables.min.js
ERR: 非法操作:js

[ 2016-08-22T15:30:40+08:00 ] ::1 /wgyt/index.php/Admin/Index/js/fullcalendar.min.js
ERR: 非法操作:js

[ 2016-08-22T15:30:40+08:00 ] ::1 /wgyt/index.php/Admin/Index/js/jquery.dataTables.min.js
ERR: 非法操作:js

[ 2016-08-22T15:34:25+08:00 ] ::1 /wgyt/index.php/Admin/Index/js/fullcalendar.min.js
ERR: 非法操作:js

[ 2016-08-22T15:34:25+08:00 ] ::1 /wgyt/index.php/Admin/Index/js/jquery.dataTables.min.js
ERR: 非法操作:js

[ 2016-08-22T15:34:25+08:00 ] ::1 /wgyt/index.php/Admin/Index/js/fullcalendar.min.js
ERR: 非法操作:js

[ 2016-08-22T15:34:25+08:00 ] ::1 /wgyt/index.php/Admin/Index/js/jquery.dataTables.min.js
ERR: 非法操作:js

[ 2016-08-22T15:38:13+08:00 ] ::1 /wgyt/index.php/Admin/Index/js/fullcalendar.min.js
ERR: 非法操作:js

[ 2016-08-22T15:38:13+08:00 ] ::1 /wgyt/index.php/Admin/Index/js/jquery.dataTables.min.js
ERR: 非法操作:js

[ 2016-08-22T15:38:13+08:00 ] ::1 /wgyt/index.php/Admin/Index/js/fullcalendar.min.js
ERR: 非法操作:js

[ 2016-08-22T15:38:14+08:00 ] ::1 /wgyt/index.php/Admin/Index/js/jquery.dataTables.min.js
ERR: 非法操作:js

[ 2016-08-22T15:38:20+08:00 ] ::1 /wgyt/index.php/Admin/Index/js/fullcalendar.min.js
ERR: 非法操作:js

[ 2016-08-22T15:38:20+08:00 ] ::1 /wgyt/index.php/Admin/Index/js/jquery.dataTables.min.js
ERR: 非法操作:js

[ 2016-08-22T15:38:20+08:00 ] ::1 /wgyt/index.php/Admin/Index/js/fullcalendar.min.js
ERR: 非法操作:js

[ 2016-08-22T15:38:20+08:00 ] ::1 /wgyt/index.php/Admin/Index/js/jquery.dataTables.min.js
ERR: 非法操作:js

[ 2016-08-22T15:39:45+08:00 ] ::1 /wgyt/index.php/Admin/Index/js/fullcalendar.min.js
ERR: 非法操作:js

[ 2016-08-22T15:39:45+08:00 ] ::1 /wgyt/index.php/Admin/Index/js/jquery.dataTables.min.js
ERR: 非法操作:js

[ 2016-08-22T15:39:45+08:00 ] ::1 /wgyt/index.php/Admin/Index/js/fullcalendar.min.js
ERR: 非法操作:js

[ 2016-08-22T15:39:45+08:00 ] ::1 /wgyt/index.php/Admin/Index/js/jquery.dataTables.min.js
ERR: 非法操作:js

[ 2016-08-22T15:46:09+08:00 ] ::1 /wgyt/index.php/Admin/Index/js/jquery.dataTables.min.js
ERR: 非法操作:js

[ 2016-08-22T15:46:09+08:00 ] ::1 /wgyt/index.php/Admin/Index/js/fullcalendar.min.js
ERR: 非法操作:js

[ 2016-08-22T15:46:09+08:00 ] ::1 /wgyt/index.php/Admin/Index/js/jquery.dataTables.min.js
ERR: 非法操作:js

[ 2016-08-22T15:51:21+08:00 ] ::1 /wgyt/index.php/Admin/Index/js/fullcalendar.min.js
ERR: 非法操作:js

[ 2016-08-22T15:51:21+08:00 ] ::1 /wgyt/index.php/Admin/Index/js/jquery.dataTables.min.js
ERR: 非法操作:js

[ 2016-08-22T15:51:21+08:00 ] ::1 /wgyt/index.php/Admin/Index/js/fullcalendar.min.js
ERR: 非法操作:js

[ 2016-08-22T15:51:21+08:00 ] ::1 /wgyt/index.php/Admin/Index/js/jquery.dataTables.min.js
ERR: 非法操作:js

[ 2016-08-22T16:57:22+08:00 ] ::1 /wgyt/index.php/Admin/Index/js/fullcalendar.min.js
ERR: 非法操作:js

[ 2016-08-22T16:57:22+08:00 ] ::1 /wgyt/index.php/Admin/Index/js/jquery.dataTables.min.js
ERR: 非法操作:js

[ 2016-08-22T16:57:23+08:00 ] ::1 /wgyt/index.php/Admin/Index/js/fullcalendar.min.js
ERR: 非法操作:js

[ 2016-08-22T16:57:23+08:00 ] ::1 /wgyt/index.php/Admin/Index/js/jquery.dataTables.min.js
ERR: 非法操作:js

[ 2016-08-22T16:58:14+08:00 ] ::1 /wgyt/index.php/Admin/Index/js/fullcalendar.min.js
ERR: 非法操作:js

[ 2016-08-22T16:58:14+08:00 ] ::1 /wgyt/index.php/Admin/Index/js/jquery.dataTables.min.js
ERR: 非法操作:js

[ 2016-08-22T16:58:14+08:00 ] ::1 /wgyt/index.php/Admin/Index/js/fullcalendar.min.js
ERR: 非法操作:js

[ 2016-08-22T16:58:15+08:00 ] ::1 /wgyt/index.php/Admin/Index/js/jquery.dataTables.min.js
ERR: 非法操作:js

[ 2016-08-22T17:18:49+08:00 ] ::1 /wgyttp/index.php/Admin/Index/js/fullcalendar.min.js
ERR: 非法操作:js

[ 2016-08-22T17:18:49+08:00 ] ::1 /wgyttp/index.php/Admin/Index/js/jquery.dataTables.min.js
ERR: 非法操作:js

[ 2016-08-22T17:18:50+08:00 ] ::1 /wgyttp/index.php/Admin/Index/js/fullcalendar.min.js
ERR: 非法操作:js

[ 2016-08-22T17:18:50+08:00 ] ::1 /wgyttp/index.php/Admin/Index/js/jquery.dataTables.min.js
ERR: 非法操作:js

[ 2016-08-22T17:28:33+08:00 ] ::1 /wgyttp/index.php/Admin/Index/js/fullcalendar.min.js
ERR: 非法操作:js

[ 2016-08-22T17:28:33+08:00 ] ::1 /wgyttp/index.php/Admin/Index/js/jquery.dataTables.min.js
ERR: 非法操作:js

[ 2016-08-22T17:28:34+08:00 ] ::1 /wgyttp/index.php/Admin/Index/js/fullcalendar.min.js
ERR: 非法操作:js

[ 2016-08-22T17:28:34+08:00 ] ::1 /wgyttp/index.php/Admin/Index/js/jquery.dataTables.min.js
ERR: 非法操作:js

